<?xml version="1.0" encoding="UTF-8"?>
<!-- Generated by org.testng.reporters.JUnitReportReporter -->
<testsuite skipped="0" hostname="1af7d3b2c180" name="com.newtours.tests.BookFlightTest" tests="20" failures="0" timestamp="21 May 2020 12:51:18 GMT" time="607.503" errors="0">
  <testcase name="registrationPageTest" time="145.282" classname="com.newtours.tests.BookFlightTest"/>
  <testcase name="registrationPageTest" time="138.754" classname="com.newtours.tests.BookFlightTest"/>
  <testcase name="flightDetailPageTest" time="1.207" classname="com.newtours.tests.BookFlightTest"/>
  <testcase name="findFlightPageTest" time="2.996" classname="com.newtours.tests.BookFlightTest"/>
  <testcase name="flightConfirmationPageTest" time="1.330" classname="com.newtours.tests.BookFlightTest"/>
  <testcase name="registrationPageTest" time="146.859" classname="com.newtours.tests.BookFlightTest"/>
  <testcase name="findFlightPageTest" time="4.137" classname="com.newtours.tests.BookFlightTest"/>
  <testcase name="registrationPageTest" time="140.816" classname="com.newtours.tests.BookFlightTest"/>
  <testcase name="registrationConfirmationTest" time="1.932" classname="com.newtours.tests.BookFlightTest"/>
  <testcase name="registrationConfirmationTest" time="1.278" classname="com.newtours.tests.BookFlightTest"/>
  <testcase name="flightDetailPageTest" time="1.902" classname="com.newtours.tests.BookFlightTest"/>
  <testcase name="registrationConfirmationTest" time="1.722" classname="com.newtours.tests.BookFlightTest"/>
  <testcase name="registrationConfirmationTest" time="1.873" classname="com.newtours.tests.BookFlightTest"/>
  <testcase name="flightConfirmationPageTest" time="1.525" classname="com.newtours.tests.BookFlightTest"/>
  <testcase name="flightDetailPageTest" time="1.325" classname="com.newtours.tests.BookFlightTest"/>
  <testcase name="flightDetailPageTest" time="2.761" classname="com.newtours.tests.BookFlightTest"/>
  <testcase name="flightConfirmationPageTest" time="1.468" classname="com.newtours.tests.BookFlightTest"/>
  <testcase name="findFlightPageTest" time="2.733" classname="com.newtours.tests.BookFlightTest"/>
  <testcase name="flightConfirmationPageTest" time="2.286" classname="com.newtours.tests.BookFlightTest"/>
  <testcase name="findFlightPageTest" time="5.317" classname="com.newtours.tests.BookFlightTest"/>
</testsuite> <!-- com.newtours.tests.BookFlightTest -->
