<?xml version="1.0" encoding="UTF-8"?>
<!-- Generated by org.testng.reporters.JUnitReportReporter -->
<testsuite skipped="0" hostname="e07d737c2944" name="com.searchmodule.tests.SearchTest" tests="4" failures="0" timestamp="21 May 2020 12:41:33 GMT" time="16.326" errors="0">
  <testcase name="searchTestDemo" time="3.224" classname="com.searchmodule.tests.SearchTest"/>
  <testcase name="searchTestDemo" time="5.469" classname="com.searchmodule.tests.SearchTest"/>
  <testcase name="searchTestDemo" time="3.444" classname="com.searchmodule.tests.SearchTest"/>
  <testcase name="searchTestDemo" time="4.189" classname="com.searchmodule.tests.SearchTest"/>
</testsuite> <!-- com.searchmodule.tests.SearchTest -->
